2019-04-10T09:48:34.3201774+03:00;VSTestExecutionThread;Info;SpecFlow+Runner execution started
2019-04-10T09:48:34.3201774+03:00;VSTestExecutionThread;Info;SpecFlow+Runner 3.0.255 in Framework clr40 in x86 mode execution started
2019-04-10T09:48:34.3201774+03:00;VSTestExecutionThread;Info;TestAdapter Location: C:\Users\niga3\source\repos\End-To-End-Testing\Tests\bin\Debug\TechTalk.SpecRun.VisualStudio.TestAdapter.dll
2019-04-10T09:48:34.4153685+03:00;VSTestExecutionThread;Info;SpecRun: running tests in C:\Users\niga3\source\repos\End-To-End-Testing\Tests\bin\Debug\Tests.dll
2019-04-10T09:48:34.4153685+03:00;VSTestExecutionThread;Info;Output folder configured to "C:\Users\niga3\source\repos\End-To-End-Testing\TestResults" (default)
2019-04-10T09:48:34.4153685+03:00;VSTestExecutionThread;Info;Profile: Tests
2019-04-10T09:48:34.4323757+03:00;VSTestExecutionThread;Info;Log file path: C:\Users\niga3\source\repos\End-To-End-Testing\TestResults\Tests_Tests_2019-04-10T094834.log
2019-04-10T09:48:34.4383550+03:00;VSTestExecutionThread;Info;SpecFlow+Runner Evaluation Mode: Please purchase at http://www.specflow.org/plus to remove test execution delay.
2019-04-10T09:48:34.4433695+03:00;Thread#13;Info;Checking license
2019-04-10T09:48:34.4533468+03:00;Thread#13;Info;Evaluation mode: test execution starts in 10 seconds... (this delay is removed in the registered version)
2019-04-10T09:48:44.4552873+03:00;Thread#13;Info;Evaluation delay finished.
2019-04-10T09:48:44.4812725+03:00;Thread#13;Info;License check completed
2019-04-10T09:48:44.4822506+03:00;Thread#13;Info;starting test run
2019-04-10T09:48:44.5085992+03:00;Thread#13;Info;Discovering target: Default
2019-04-10T09:48:44.5085992+03:00;Thread#13;Info;Discovering tests from assembly: C:\Users\niga3\source\repos\End-To-End-Testing\Tests\bin\Debug\Tests.dll
2019-04-10T09:48:44.9513356+03:00:Appdomain Disposed
2019-04-10T09:48:44.9513356+03:00;Thread#13;Info;Discovered tests from assembly: C:\Users\niga3\source\repos\End-To-End-Testing\Tests\bin\Debug\Tests.dll
2019-04-10T09:48:44.9523350+03:00:Test Suite Dump
2019-04-10T09:48:44.9533360+03:00:#0: Tests/Tests - 
2019-04-10T09:48:44.9533360+03:00:#1: Default - 
2019-04-10T09:48:44.9533360+03:00:#2: Tests - 
2019-04-10T09:48:44.9533360+03:00:#7: PurchaseFlows - 
2019-04-10T09:48:44.9803356+03:00:#9: Delete product from basket - TestAssembly:Tests/Feature:PurchaseFlows/Scenario:Delete+product+from+basket
2019-04-10T09:48:44.9803356+03:00:End: Test Suite Dump
2019-04-10T09:48:44.9973107+03:00:Thread#0:Scheduler: get next test for thread 0
2019-04-10T09:48:45.0003077+03:00:Thread#:Scheduler: testitem #9 from normal test queue 
2019-04-10T09:48:45.0003077+03:00:Thread#0:Scheduler: considering testitem #9 for thread 0
2019-04-10T09:48:45.0043047+03:00:Thread#0:TestItem#9:testItemMatchesCurrentTestThread:UnSpecific
2019-04-10T09:48:45.0043047+03:00:Thread#0:TestItem#9:runsOnOneOtherThreadSpecific:False
2019-04-10T09:48:45.0043047+03:00:Thread#0:TestItem#9:runsOnOneOtherThreadUnspecific:False
2019-04-10T09:48:45.0043047+03:00:Thread#0:Scheduler: using testitem #9 for thread 0
2019-04-10T09:48:45.0053040+03:00:Thread#0:Scheduler: Test #9 is scheduled for thread
2019-04-10T09:48:45.0053040+03:00:Thread#0:Scheduler: with testItemExecutionIndex 0
2019-04-10T09:48:45.0073195+03:00:Thread #0: creating new test thread executor for Tests, Version=1.0.0.0, Culture=neutral, PublicKeyToken=null (target: Default)
2019-04-10T09:48:45.0083188+03:00:Thread #0: Creating test assembly executor for execution model AppDomain
2019-04-10T09:48:45.0093024+03:00:Thread #0: Creating test assembly executor for execution model AppDomain
2019-04-10T09:48:45.0093024+03:00:using TechTalk.SpecRun.Framework.Execution.InProcess.InProcAppDomainTestAssemblyExecutorHost to execute tests
2019-04-10T09:48:45.0532932+03:00:Thread#0: Test #9/0 is started on thread #0
2019-04-10T09:48:45.1505446+03:00:Thread#0:T:-> Loading plugin C:\Users\niga3\source\repos\End-To-End-Testing\Tests\bin\Debug\SpecRun.Runtime.SpecFlowPlugin.dll
2019-04-10T09:48:45.1768421+03:00:Thread#0:T:-> Using default config
2019-04-10T09:48:45.2211011+03:00:Thread#0:B:Given The user added a product to basket
2019-04-10T09:48:53.5530269+03:00:Thread#0:T:done: PurchaseFlowsSteps.GivenTheUserAddedAProductToBasket() (8.3s)
2019-04-10T09:48:53.5540252+03:00:Thread#0:B:And The user clicks on see basket button
2019-04-10T09:48:55.7575774+03:00:Thread#0:T:done: PurchaseFlowsSteps.WhenTheUserClicksOnSeeBasketButton() (2.2s)
2019-04-10T09:48:55.7585829+03:00:Thread#0:B:When The user clicks on the remove button
2019-04-10T09:48:57.9498450+03:00:Thread#0:T:done: PurchaseFlowsSteps.WhenTheUserClicksOnTheRemoveButton() (2.2s)
2019-04-10T09:48:57.9508426+03:00:Thread#0:B:Then The product is successfully removed from the basket
2019-04-10T09:48:58.1521867+03:00:Thread#0:T:error: Could not find element by: By.XPath: .//div[contains(@class, 'main-product-title')]')]
2019-04-10T09:48:58.2168978+03:00:Thread#0:TestItem#9:Scheduler: reschedule tests for testitem #9
2019-04-10T09:48:58.2178996+03:00:Thread#0:Scheduler: get next test for thread 0
2019-04-10T09:48:58.2178996+03:00:Thread#:Scheduler: dequeuing a rescheduled testitem: #9
2019-04-10T09:48:58.2178996+03:00:Thread#0:Scheduler: considering testitem #9 for thread 0
2019-04-10T09:48:58.2178996+03:00:Thread#0:TestItem#9:testItemMatchesCurrentTestThread:UnSpecific
2019-04-10T09:48:58.2178996+03:00:Thread#0:TestItem#9:runsOnOneOtherThreadSpecific:False
2019-04-10T09:48:58.2178996+03:00:Thread#0:TestItem#9:runsOnOneOtherThreadUnspecific:False
2019-04-10T09:48:58.2178996+03:00:Thread#0:Scheduler: using testitem #9 for thread 0
2019-04-10T09:48:58.2178996+03:00:Thread#0:Scheduler: Test #9 is scheduled for thread
2019-04-10T09:48:58.2178996+03:00:Thread#0:Scheduler: with testItemExecutionIndex 1
2019-04-10T09:48:58.8562499+03:00:Thread#0: Test #9/0 is finished on thread #0 as Failed within 13.8029567 seconds
2019-04-10T09:48:58.8572496+03:00:Thread#0: Test #9/1 is started on thread #0
2019-04-10T09:48:58.8592520+03:00:Thread#0:B:Given The user added a product to basket
2019-04-10T09:49:02.9072008+03:00:Thread#0:T:error: Unexpected error. System.Net.WebException: Unable to connect to the remote server ---> System.Net.Sockets.SocketException: No connection could be made because the target machine actively refused it 127.0.0.1:59640
2019-04-10T09:49:02.9082012+03:00:Thread#0:T:   at System.Net.Sockets.Socket.DoConnect(EndPoint endPointSnapshot, SocketAddress socketAddress)
2019-04-10T09:49:02.9082012+03:00:Thread#0:T:   at System.Net.ServicePoint.ConnectSocketInternal(Boolean connectFailure, Socket s4, Socket s6, Socket& socket, IPAddress& address, ConnectSocketState state, IAsyncResult asyncResult, Exception& exception)
2019-04-10T09:49:02.9082012+03:00:Thread#0:T:   --- End of inner exception stack trace ---
2019-04-10T09:49:02.9092005+03:00:Thread#0:T:   at System.Net.HttpWebRequest.GetRequestStream(TransportContext& context)
2019-04-10T09:49:02.9092005+03:00:Thread#0:T:   at System.Net.HttpWebRequest.GetRequestStream()
2019-04-10T09:49:02.9092005+03:00:Thread#0:T:   at OpenQA.Selenium.Remote.HttpCommandExecutor.MakeHttpRequest(HttpRequestInfo requestInfo)
2019-04-10T09:49:02.9101988+03:00:Thread#0:T:   at OpenQA.Selenium.Remote.HttpCommandExecutor.Execute(Command commandToExecute)
2019-04-10T09:49:02.9101988+03:00:Thread#0:T:   at OpenQA.Selenium.Remote.DriverServiceCommandExecutor.Execute(Command commandToExecute)
2019-04-10T09:49:02.9101988+03:00:Thread#0:T:   at OpenQA.Selenium.Remote.RemoteWebDriver.Execute(String driverCommandToExecute, Dictionary`2 parameters)
2019-04-10T09:49:02.9111992+03:00:Thread#0:B:And The user clicks on see basket button
2019-04-10T09:49:02.9111992+03:00:Thread#0:T:skipped because of previous errors
2019-04-10T09:49:02.9121985+03:00:Thread#0:B:When The user clicks on the remove button
2019-04-10T09:49:02.9121985+03:00:Thread#0:T:skipped because of previous errors
2019-04-10T09:49:02.9121985+03:00:Thread#0:B:Then The product is successfully removed from the basket
2019-04-10T09:49:02.9131979+03:00:Thread#0:T:skipped because of previous errors
2019-04-10T09:49:02.9151969+03:00:Thread#0:Scheduler: get next test for thread 0
2019-04-10T09:49:02.9151969+03:00:Thread#:Scheduler: dequeuing a rescheduled testitem: #9
2019-04-10T09:49:02.9151969+03:00:Thread#0:Scheduler: considering testitem #9 for thread 0
2019-04-10T09:49:02.9151969+03:00:Thread#0:TestItem#9:testItemMatchesCurrentTestThread:UnSpecific
2019-04-10T09:49:02.9151969+03:00:Thread#0:TestItem#9:runsOnOneOtherThreadSpecific:False
2019-04-10T09:49:02.9151969+03:00:Thread#0:TestItem#9:runsOnOneOtherThreadUnspecific:False
2019-04-10T09:49:02.9151969+03:00:Thread#0:Scheduler: using testitem #9 for thread 0
2019-04-10T09:49:02.9151969+03:00:Thread#0:Scheduler: Test #9 is scheduled for thread
2019-04-10T09:49:02.9151969+03:00:Thread#0:Scheduler: with testItemExecutionIndex 2
2019-04-10T09:49:04.9220376+03:00:Thread#0:T:A exception with a null response was thrown sending an HTTP request to the remote WebDriver server for URL http://localhost:59640/session//screenshot. The status of the exception was ConnectFailure, and the message was: Unable to connect to the remote server
2019-04-10T09:49:04.9390343+03:00:Thread#0: Test #9/1 is finished on thread #0 as Failed within 6.0817847 seconds
2019-04-10T09:49:04.9410285+03:00:Thread#0: Test #9/2 is started on thread #0
2019-04-10T09:49:04.9420271+03:00:Thread#0:T:warning: The previous ScenarioContext was not disposed.
2019-04-10T09:49:04.9430275+03:00:Thread#0:B:Given The user added a product to basket
2019-04-10T09:49:06.9517756+03:00:Thread#0:T:error: Unexpected error. System.Net.WebException: Unable to connect to the remote server ---> System.Net.Sockets.SocketException: No connection could be made because the target machine actively refused it 127.0.0.1:59640
2019-04-10T09:49:06.9517756+03:00:Thread#0:T:   at System.Net.Sockets.Socket.DoConnect(EndPoint endPointSnapshot, SocketAddress socketAddress)
2019-04-10T09:49:06.9517756+03:00:Thread#0:T:   at System.Net.ServicePoint.ConnectSocketInternal(Boolean connectFailure, Socket s4, Socket s6, Socket& socket, IPAddress& address, ConnectSocketState state, IAsyncResult asyncResult, Exception& exception)
2019-04-10T09:49:06.9517756+03:00:Thread#0:T:   --- End of inner exception stack trace ---
2019-04-10T09:49:06.9517756+03:00:Thread#0:T:   at System.Net.HttpWebRequest.GetRequestStream(TransportContext& context)
2019-04-10T09:49:06.9517756+03:00:Thread#0:T:   at System.Net.HttpWebRequest.GetRequestStream()
2019-04-10T09:49:06.9517756+03:00:Thread#0:T:   at OpenQA.Selenium.Remote.HttpCommandExecutor.MakeHttpRequest(HttpRequestInfo requestInfo)
2019-04-10T09:49:06.9527749+03:00:Thread#0:T:   at OpenQA.Selenium.Remote.HttpCommandExecutor.Execute(Command commandToExecute)
2019-04-10T09:49:06.9527749+03:00:Thread#0:T:   at OpenQA.Selenium.Remote.DriverServiceCommandExecutor.Execute(Command commandToExecute)
2019-04-10T09:49:06.9527749+03:00:Thread#0:T:   at OpenQA.Selenium.Remote.RemoteWebDriver.Execute(String driverCommandToExecute, Dictionary`2 parameters)
2019-04-10T09:49:06.9527749+03:00:Thread#0:B:And The user clicks on see basket button
2019-04-10T09:49:06.9527749+03:00:Thread#0:T:skipped because of previous errors
2019-04-10T09:49:06.9527749+03:00:Thread#0:B:When The user clicks on the remove button
2019-04-10T09:49:06.9527749+03:00:Thread#0:T:skipped because of previous errors
2019-04-10T09:49:06.9527749+03:00:Thread#0:B:Then The product is successfully removed from the basket
2019-04-10T09:49:06.9527749+03:00:Thread#0:T:skipped because of previous errors
2019-04-10T09:49:06.9537739+03:00:Thread#0:Scheduler: get next test for thread 0
2019-04-10T09:49:06.9537739+03:00:Thread#:Scheduler: at the end of normal test queue
2019-04-10T09:49:06.9537739+03:00:Thread#0:Scheduler: enumerator for thread is at end
2019-04-10T09:49:06.9537739+03:00:Thread#0:Scheduler: No more tests for thread
2019-04-10T09:49:08.9579553+03:00:Thread#0:T:A exception with a null response was thrown sending an HTTP request to the remote WebDriver server for URL http://localhost:59640/session//screenshot. The status of the exception was ConnectFailure, and the message was: Unable to connect to the remote server
2019-04-10T09:49:08.9609544+03:00:Thread#0: Test #9/2 is finished on thread #0 as Failed within 4.0199259 seconds
2019-04-10T09:49:08.9784998+03:00:Appdomain Disposed
2019-04-10T09:49:08.9804889+03:00:Trying to cancel thread
2019-04-10T09:49:08.9804889+03:00:Thread cancelled
2019-04-10T09:49:08.9855978+03:00:Thread#-1:Scheduler: get next test for thread -1
2019-04-10T09:49:08.9855978+03:00:Thread#:Scheduler: at the end of normal test queue
2019-04-10T09:49:08.9855978+03:00:Thread#-1:Scheduler: enumerator for thread is at end
2019-04-10T09:49:08.9915983+03:00;Thread#13;Info;test run finished
2019-04-10T09:49:08.9935963+03:00;Thread#13;Info;publishing test results
2019-04-10T09:49:09.0265772+03:00;Thread#13;Info;test results published
2019-04-10T09:49:09.0265772+03:00;Thread#13;Info;generating reports
2019-04-10T09:49:09.1643516+03:00;Thread#13;Info;Starting external report generation process
2019-04-10T09:49:10.8997029+03:00;Thread#13;Info;Successfully generated reports.
2019-04-10T09:49:10.9007032+03:00;Thread#13;Info;Successfully generated reports
2019-04-10T09:49:10.9086979+03:00:Total: 1 (test executions: 3)
2019-04-10T09:49:10.9106980+03:00:Succeeded: 0
2019-04-10T09:49:10.9106980+03:00:Ignored: 0
2019-04-10T09:49:10.9106980+03:00:Pending: 0
2019-04-10T09:49:10.9106980+03:00:Skipped: 0
2019-04-10T09:49:10.9116963+03:00:Failed: 1
2019-04-10T09:49:10.9246901+03:00;VSTestExecutionThread;Info;Adding attachments to VSTest
2019-04-10T09:49:10.9246901+03:00;VSTestExecutionThread;Info;adding Test Execution Report 'C:\Users\niga3\source\repos\End-To-End-Testing\TestResults\TestRunReport.html'
========== End of log file ==========
