2019-04-10T09:53:43.8002209+03:00;VSTestExecutionThread;Info;SpecFlow+Runner execution started
2019-04-10T09:53:43.8012205+03:00;VSTestExecutionThread;Info;SpecFlow+Runner 3.0.255 in Framework clr40 in x86 mode execution started
2019-04-10T09:53:43.8012205+03:00;VSTestExecutionThread;Info;TestAdapter Location: C:\Users\niga3\source\repos\End-To-End-Testing\Tests\bin\Debug\TechTalk.SpecRun.VisualStudio.TestAdapter.dll
2019-04-10T09:53:43.9921104+03:00;VSTestExecutionThread;Info;SpecRun: running tests in C:\Users\niga3\source\repos\End-To-End-Testing\Tests\bin\Debug\Tests.dll
2019-04-10T09:53:43.9931094+03:00;VSTestExecutionThread;Info;Output folder configured to "C:\Users\niga3\source\repos\End-To-End-Testing\TestResults" (default)
2019-04-10T09:53:43.9931094+03:00;VSTestExecutionThread;Info;Profile: Tests
2019-04-10T09:53:44.0640711+03:00;VSTestExecutionThread;Info;Log file path: C:\Users\niga3\source\repos\End-To-End-Testing\TestResults\Tests_Tests_2019-04-10T095344.log
2019-04-10T09:53:44.0880583+03:00;VSTestExecutionThread;Info;SpecFlow+Runner Evaluation Mode: Please purchase at http://www.specflow.org/plus to remove test execution delay.
2019-04-10T09:53:44.0970500+03:00;Thread#13;Info;Checking license
2019-04-10T09:53:44.1190382+03:00;Thread#13;Info;Evaluation mode: test execution starts in 8 seconds... (this delay is removed in the registered version)
2019-04-10T09:53:52.1229312+03:00;Thread#13;Info;Evaluation delay finished.
2019-04-10T09:53:52.1359233+03:00;Thread#13;Info;License check completed
2019-04-10T09:53:52.1379264+03:00;Thread#13;Info;starting test run
2019-04-10T09:53:52.1459163+03:00;Thread#13;Info;Discovering target: Default
2019-04-10T09:53:52.1459163+03:00;Thread#13;Info;Discovering tests from assembly: C:\Users\niga3\source\repos\End-To-End-Testing\Tests\bin\Debug\Tests.dll
2019-04-10T09:53:52.6916028+03:00:Appdomain Disposed
2019-04-10T09:53:52.6916028+03:00;Thread#13;Info;Discovered tests from assembly: C:\Users\niga3\source\repos\End-To-End-Testing\Tests\bin\Debug\Tests.dll
2019-04-10T09:53:52.6926015+03:00:Test Suite Dump
2019-04-10T09:53:52.6946026+03:00:#0: Tests/Tests - 
2019-04-10T09:53:52.6946026+03:00:#1: Default - 
2019-04-10T09:53:52.6946026+03:00:#2: Tests - 
2019-04-10T09:53:52.6946026+03:00:#7: PurchaseFlows - 
2019-04-10T09:53:52.7405746+03:00:#10: Clicking on "See basket" takes the user to basket page - TestAssembly:Tests/Feature:PurchaseFlows/Scenario:Clicking+on+%22See+basket%22+takes+the+user+to+basket+page
2019-04-10T09:53:52.7415739+03:00:End: Test Suite Dump
2019-04-10T09:53:52.7835503+03:00:Thread#0:Scheduler: get next test for thread 0
2019-04-10T09:53:52.7875483+03:00:Thread#:Scheduler: testitem #10 from normal test queue 
2019-04-10T09:53:52.7875483+03:00:Thread#0:Scheduler: considering testitem #10 for thread 0
2019-04-10T09:53:52.7945444+03:00:Thread#0:TestItem#10:testItemMatchesCurrentTestThread:UnSpecific
2019-04-10T09:53:52.7985434+03:00:Thread#0:TestItem#10:runsOnOneOtherThreadSpecific:False
2019-04-10T09:53:52.7985434+03:00:Thread#0:TestItem#10:runsOnOneOtherThreadUnspecific:False
2019-04-10T09:53:52.7985434+03:00:Thread#0:Scheduler: using testitem #10 for thread 0
2019-04-10T09:53:52.8015397+03:00:Thread#0:Scheduler: Test #10 is scheduled for thread
2019-04-10T09:53:52.8025398+03:00:Thread#0:Scheduler: with testItemExecutionIndex 0
2019-04-10T09:53:52.8065361+03:00:Thread #0: creating new test thread executor for Tests, Version=1.0.0.0, Culture=neutral, PublicKeyToken=null (target: Default)
2019-04-10T09:53:52.8105348+03:00:Thread #0: Creating test assembly executor for execution model AppDomain
2019-04-10T09:53:52.8125335+03:00:Thread #0: Creating test assembly executor for execution model AppDomain
2019-04-10T09:53:52.8125335+03:00:using TechTalk.SpecRun.Framework.Execution.InProcess.InProcAppDomainTestAssemblyExecutorHost to execute tests
2019-04-10T09:53:52.8904885+03:00:Thread#0: Test #10/0 is started on thread #0
2019-04-10T09:53:53.0853781+03:00:Thread#0:T:-> Loading plugin C:\Users\niga3\source\repos\End-To-End-Testing\Tests\bin\Debug\SpecRun.Runtime.SpecFlowPlugin.dll
2019-04-10T09:53:53.0933742+03:00:Thread#0:T:-> Using default config
2019-04-10T09:53:53.1883166+03:00:Thread#0:B:Given The user added a product to basket
2019-04-10T09:54:02.9607594+03:00:Thread#0:T:done: PurchaseFlowsSteps.GivenTheUserAddedAProductToBasket() (9.6s)
2019-04-10T09:54:02.9637594+03:00:Thread#0:B:When The user clicks on see basket button
2019-04-10T09:54:03.0656999+03:00:Thread#0:T:error: Exception has been thrown by the target of an invocation.
2019-04-10T09:54:03.0666993+03:00:Thread#0:B:Then The user is redirected to basket page
2019-04-10T09:54:03.0666993+03:00:Thread#0:T:skipped because of previous errors
2019-04-10T09:54:03.1136727+03:00:Thread#0:TestItem#10:Scheduler: reschedule tests for testitem #10
2019-04-10T09:54:03.1146723+03:00:Thread#0:Scheduler: get next test for thread 0
2019-04-10T09:54:03.1146723+03:00:Thread#:Scheduler: dequeuing a rescheduled testitem: #10
2019-04-10T09:54:03.1146723+03:00:Thread#0:Scheduler: considering testitem #10 for thread 0
2019-04-10T09:54:03.1156734+03:00:Thread#0:TestItem#10:testItemMatchesCurrentTestThread:UnSpecific
2019-04-10T09:54:03.1156734+03:00:Thread#0:TestItem#10:runsOnOneOtherThreadSpecific:False
2019-04-10T09:54:03.1156734+03:00:Thread#0:TestItem#10:runsOnOneOtherThreadUnspecific:False
2019-04-10T09:54:03.1156734+03:00:Thread#0:Scheduler: using testitem #10 for thread 0
2019-04-10T09:54:03.1156734+03:00:Thread#0:Scheduler: Test #10 is scheduled for thread
2019-04-10T09:54:03.1156734+03:00:Thread#0:Scheduler: with testItemExecutionIndex 1
2019-04-10T09:54:03.6633558+03:00:Thread#0: Test #10/0 is finished on thread #0 as Failed within 10.7718683 seconds
2019-04-10T09:54:03.6663542+03:00:Thread#0: Test #10/1 is started on thread #0
2019-04-10T09:54:03.6673539+03:00:Thread#0:B:Given The user added a product to basket
2019-04-10T09:54:07.9770810+03:00:Thread#0:T:error: Unexpected error. System.Net.WebException: Unable to connect to the remote server ---> System.Net.Sockets.SocketException: No connection could be made because the target machine actively refused it 127.0.0.1:60192
2019-04-10T09:54:07.9770810+03:00:Thread#0:T:   at System.Net.Sockets.Socket.DoConnect(EndPoint endPointSnapshot, SocketAddress socketAddress)
2019-04-10T09:54:07.9770810+03:00:Thread#0:T:   at System.Net.ServicePoint.ConnectSocketInternal(Boolean connectFailure, Socket s4, Socket s6, Socket& socket, IPAddress& address, ConnectSocketState state, IAsyncResult asyncResult, Exception& exception)
2019-04-10T09:54:07.9780872+03:00:Thread#0:T:   --- End of inner exception stack trace ---
2019-04-10T09:54:07.9780872+03:00:Thread#0:T:   at System.Net.HttpWebRequest.GetRequestStream(TransportContext& context)
2019-04-10T09:54:07.9780872+03:00:Thread#0:T:   at System.Net.HttpWebRequest.GetRequestStream()
2019-04-10T09:54:07.9780872+03:00:Thread#0:T:   at OpenQA.Selenium.Remote.HttpCommandExecutor.MakeHttpRequest(HttpRequestInfo requestInfo)
2019-04-10T09:54:07.9790797+03:00:Thread#0:T:   at OpenQA.Selenium.Remote.HttpCommandExecutor.Execute(Command commandToExecute)
2019-04-10T09:54:07.9790797+03:00:Thread#0:T:   at OpenQA.Selenium.Remote.DriverServiceCommandExecutor.Execute(Command commandToExecute)
2019-04-10T09:54:07.9820815+03:00:Thread#0:T:   at OpenQA.Selenium.Remote.RemoteWebDriver.Execute(String driverCommandToExecute, Dictionary`2 parameters)
2019-04-10T09:54:07.9820815+03:00:Thread#0:B:When The user clicks on see basket button
2019-04-10T09:54:07.9830770+03:00:Thread#0:T:skipped because of previous errors
2019-04-10T09:54:07.9830770+03:00:Thread#0:B:Then The user is redirected to basket page
2019-04-10T09:54:07.9830770+03:00:Thread#0:T:skipped because of previous errors
2019-04-10T09:54:07.9850832+03:00:Thread#0:Scheduler: get next test for thread 0
2019-04-10T09:54:07.9850832+03:00:Thread#:Scheduler: dequeuing a rescheduled testitem: #10
2019-04-10T09:54:07.9850832+03:00:Thread#0:Scheduler: considering testitem #10 for thread 0
2019-04-10T09:54:07.9850832+03:00:Thread#0:TestItem#10:testItemMatchesCurrentTestThread:UnSpecific
2019-04-10T09:54:07.9850832+03:00:Thread#0:TestItem#10:runsOnOneOtherThreadSpecific:False
2019-04-10T09:54:07.9850832+03:00:Thread#0:TestItem#10:runsOnOneOtherThreadUnspecific:False
2019-04-10T09:54:07.9850832+03:00:Thread#0:Scheduler: using testitem #10 for thread 0
2019-04-10T09:54:07.9850832+03:00:Thread#0:Scheduler: Test #10 is scheduled for thread
2019-04-10T09:54:07.9850832+03:00:Thread#0:Scheduler: with testItemExecutionIndex 2
2019-04-10T09:54:09.9901614+03:00:Thread#0:T:A exception with a null response was thrown sending an HTTP request to the remote WebDriver server for URL http://localhost:60192/session//screenshot. The status of the exception was ConnectFailure, and the message was: Unable to connect to the remote server
2019-04-10T09:54:09.9981291+03:00:Thread#0: Test #10/1 is finished on thread #0 as Failed within 6.3317749 seconds
2019-04-10T09:54:09.9991287+03:00:Thread#0: Test #10/2 is started on thread #0
2019-04-10T09:54:10.0001281+03:00:Thread#0:T:warning: The previous ScenarioContext was not disposed.
2019-04-10T09:54:10.0011271+03:00:Thread#0:B:Given The user added a product to basket
2019-04-10T09:54:12.0136782+03:00:Thread#0:T:error: Unexpected error. System.Net.WebException: Unable to connect to the remote server ---> System.Net.Sockets.SocketException: No connection could be made because the target machine actively refused it 127.0.0.1:60192
2019-04-10T09:54:12.0136782+03:00:Thread#0:T:   at System.Net.Sockets.Socket.DoConnect(EndPoint endPointSnapshot, SocketAddress socketAddress)
2019-04-10T09:54:12.0136782+03:00:Thread#0:T:   at System.Net.ServicePoint.ConnectSocketInternal(Boolean connectFailure, Socket s4, Socket s6, Socket& socket, IPAddress& address, ConnectSocketState state, IAsyncResult asyncResult, Exception& exception)
2019-04-10T09:54:12.0146796+03:00:Thread#0:T:   --- End of inner exception stack trace ---
2019-04-10T09:54:12.0146796+03:00:Thread#0:T:   at System.Net.HttpWebRequest.GetRequestStream(TransportContext& context)
2019-04-10T09:54:12.0146796+03:00:Thread#0:T:   at System.Net.HttpWebRequest.GetRequestStream()
2019-04-10T09:54:12.0146796+03:00:Thread#0:T:   at OpenQA.Selenium.Remote.HttpCommandExecutor.MakeHttpRequest(HttpRequestInfo requestInfo)
2019-04-10T09:54:12.0146796+03:00:Thread#0:T:   at OpenQA.Selenium.Remote.HttpCommandExecutor.Execute(Command commandToExecute)
2019-04-10T09:54:12.0146796+03:00:Thread#0:T:   at OpenQA.Selenium.Remote.DriverServiceCommandExecutor.Execute(Command commandToExecute)
2019-04-10T09:54:12.0146796+03:00:Thread#0:T:   at OpenQA.Selenium.Remote.RemoteWebDriver.Execute(String driverCommandToExecute, Dictionary`2 parameters)
2019-04-10T09:54:12.0156772+03:00:Thread#0:B:When The user clicks on see basket button
2019-04-10T09:54:12.0156772+03:00:Thread#0:T:skipped because of previous errors
2019-04-10T09:54:12.0156772+03:00:Thread#0:B:Then The user is redirected to basket page
2019-04-10T09:54:12.0156772+03:00:Thread#0:T:skipped because of previous errors
2019-04-10T09:54:12.0166782+03:00:Thread#0:Scheduler: get next test for thread 0
2019-04-10T09:54:12.0166782+03:00:Thread#:Scheduler: at the end of normal test queue
2019-04-10T09:54:12.0166782+03:00:Thread#0:Scheduler: enumerator for thread is at end
2019-04-10T09:54:12.0166782+03:00:Thread#0:Scheduler: No more tests for thread
2019-04-10T09:54:14.0231255+03:00:Thread#0:T:A exception with a null response was thrown sending an HTTP request to the remote WebDriver server for URL http://localhost:60192/session//screenshot. The status of the exception was ConnectFailure, and the message was: Unable to connect to the remote server
2019-04-10T09:54:14.0251239+03:00:Thread#0: Test #10/2 is finished on thread #0 as Failed within 4.0259952 seconds
2019-04-10T09:54:14.0481097+03:00:Appdomain Disposed
2019-04-10T09:54:14.0501084+03:00:Trying to cancel thread
2019-04-10T09:54:14.0501084+03:00:Thread cancelled
2019-04-10T09:54:14.0571051+03:00:Thread#-1:Scheduler: get next test for thread -1
2019-04-10T09:54:14.0571051+03:00:Thread#:Scheduler: at the end of normal test queue
2019-04-10T09:54:14.0571051+03:00:Thread#-1:Scheduler: enumerator for thread is at end
2019-04-10T09:54:14.0660995+03:00;Thread#13;Info;test run finished
2019-04-10T09:54:14.0670985+03:00;Thread#13;Info;publishing test results
2019-04-10T09:54:14.1020792+03:00;Thread#13;Info;test results published
2019-04-10T09:54:14.1020792+03:00;Thread#13;Info;generating reports
2019-04-10T09:54:14.3239523+03:00;Thread#13;Info;Starting external report generation process
2019-04-10T09:54:17.4931274+03:00;Thread#13;Info;Successfully generated reports.
2019-04-10T09:54:17.4961264+03:00;Thread#13;Info;Successfully generated reports
2019-04-10T09:54:17.5071188+03:00:Total: 1 (test executions: 3)
2019-04-10T09:54:17.5111189+03:00:Succeeded: 0
2019-04-10T09:54:17.5121172+03:00:Ignored: 0
2019-04-10T09:54:17.5121172+03:00:Pending: 0
2019-04-10T09:54:17.5121172+03:00:Skipped: 0
2019-04-10T09:54:17.5131169+03:00:Failed: 1
2019-04-10T09:54:17.5311057+03:00;VSTestExecutionThread;Info;Adding attachments to VSTest
2019-04-10T09:54:17.5311057+03:00;VSTestExecutionThread;Info;adding Test Execution Report 'C:\Users\niga3\source\repos\End-To-End-Testing\TestResults\TestRunReport.html'
========== End of log file ==========
