2019-04-10T10:00:03.4870044+03:00;VSTestExecutionThread;Info;SpecFlow+Runner execution started
2019-04-10T10:00:03.4870044+03:00;VSTestExecutionThread;Info;SpecFlow+Runner 3.0.255 in Framework clr40 in x86 mode execution started
2019-04-10T10:00:03.4870044+03:00;VSTestExecutionThread;Info;TestAdapter Location: C:\Users\niga3\source\repos\End-To-End-Testing\Tests\bin\Debug\TechTalk.SpecRun.VisualStudio.TestAdapter.dll
2019-04-10T10:00:03.5949433+03:00;VSTestExecutionThread;Info;SpecRun: running tests in C:\Users\niga3\source\repos\End-To-End-Testing\Tests\bin\Debug\Tests.dll
2019-04-10T10:00:03.5949433+03:00;VSTestExecutionThread;Info;Output folder configured to "C:\Users\niga3\source\repos\End-To-End-Testing\TestResults" (default)
2019-04-10T10:00:03.5959427+03:00;VSTestExecutionThread;Info;Profile: Tests
2019-04-10T10:00:03.6109492+03:00;VSTestExecutionThread;Info;Log file path: C:\Users\niga3\source\repos\End-To-End-Testing\TestResults\Tests_Tests_2019-04-10T100003.log
2019-04-10T10:00:03.6169459+03:00;VSTestExecutionThread;Info;SpecFlow+Runner Evaluation Mode: Please purchase at http://www.specflow.org/plus to remove test execution delay.
2019-04-10T10:00:03.6209272+03:00;Thread#13;Info;Checking license
2019-04-10T10:00:03.6309209+03:00;Thread#13;Info;Evaluation mode: test execution starts in 6 seconds... (this delay is removed in the registered version)
2019-04-10T10:00:09.6322145+03:00;Thread#13;Info;Evaluation delay finished.
2019-04-10T10:00:09.6521394+03:00;Thread#13;Info;License check completed
2019-04-10T10:00:09.6521394+03:00;Thread#13;Info;starting test run
2019-04-10T10:00:09.6761256+03:00;Thread#13;Info;Discovering target: Default
2019-04-10T10:00:09.6761256+03:00;Thread#13;Info;Discovering tests from assembly: C:\Users\niga3\source\repos\End-To-End-Testing\Tests\bin\Debug\Tests.dll
2019-04-10T10:00:10.3037644+03:00:Appdomain Disposed
2019-04-10T10:00:10.3037644+03:00;Thread#13;Info;Discovered tests from assembly: C:\Users\niga3\source\repos\End-To-End-Testing\Tests\bin\Debug\Tests.dll
2019-04-10T10:00:10.3047617+03:00:Test Suite Dump
2019-04-10T10:00:10.3067768+03:00:#0: Tests/Tests - 
2019-04-10T10:00:10.3077765+03:00:#1: Default - 
2019-04-10T10:00:10.3077765+03:00:#2: Tests - 
2019-04-10T10:00:10.3077765+03:00:#7: PurchaseFlows - 
2019-04-10T10:00:10.3557321+03:00:#10: Clicking on "See basket" takes the user to basket page - TestAssembly:Tests/Feature:PurchaseFlows/Scenario:Clicking+on+%22See+basket%22+takes+the+user+to+basket+page
2019-04-10T10:00:10.3557321+03:00:End: Test Suite Dump
2019-04-10T10:00:10.3867157+03:00:Thread#0:Scheduler: get next test for thread 0
2019-04-10T10:00:10.3907278+03:00:Thread#:Scheduler: testitem #10 from normal test queue 
2019-04-10T10:00:10.3917282+03:00:Thread#0:Scheduler: considering testitem #10 for thread 0
2019-04-10T10:00:10.3967248+03:00:Thread#0:TestItem#10:testItemMatchesCurrentTestThread:UnSpecific
2019-04-10T10:00:10.3967248+03:00:Thread#0:TestItem#10:runsOnOneOtherThreadSpecific:False
2019-04-10T10:00:10.3967248+03:00:Thread#0:TestItem#10:runsOnOneOtherThreadUnspecific:False
2019-04-10T10:00:10.3967248+03:00:Thread#0:Scheduler: using testitem #10 for thread 0
2019-04-10T10:00:10.3987232+03:00:Thread#0:Scheduler: Test #10 is scheduled for thread
2019-04-10T10:00:10.3997225+03:00:Thread#0:Scheduler: with testItemExecutionIndex 0
2019-04-10T10:00:10.4037048+03:00:Thread #0: creating new test thread executor for Tests, Version=1.0.0.0, Culture=neutral, PublicKeyToken=null (target: Default)
2019-04-10T10:00:10.4057038+03:00:Thread #0: Creating test assembly executor for execution model AppDomain
2019-04-10T10:00:10.4067032+03:00:Thread #0: Creating test assembly executor for execution model AppDomain
2019-04-10T10:00:10.4067032+03:00:using TechTalk.SpecRun.Framework.Execution.InProcess.InProcAppDomainTestAssemblyExecutorHost to execute tests
2019-04-10T10:00:10.4798052+03:00:Thread#0: Test #10/0 is started on thread #0
2019-04-10T10:00:10.6475282+03:00:Thread#0:T:-> Loading plugin C:\Users\niga3\source\repos\End-To-End-Testing\Tests\bin\Debug\SpecRun.Runtime.SpecFlowPlugin.dll
2019-04-10T10:00:10.6574210+03:00:Thread#0:T:-> Using default config
2019-04-10T10:00:10.7183862+03:00:Thread#0:B:Given The user added a product to basket
2019-04-10T10:00:17.9857052+03:00:Thread#0:T:done: PurchaseFlowsSteps.GivenTheUserAddedAProductToBasket() (7.2s)
2019-04-10T10:00:17.9897033+03:00:Thread#0:B:When The user clicks on see basket button
2019-04-10T10:00:28.1030156+03:00:Thread#0:T:error: Timed out after 10 seconds
2019-04-10T10:00:28.1040152+03:00:Thread#0:B:Then The user is redirected to basket page
2019-04-10T10:00:28.1040152+03:00:Thread#0:T:skipped because of previous errors
2019-04-10T10:00:28.1609837+03:00:Thread#0:TestItem#10:Scheduler: reschedule tests for testitem #10
2019-04-10T10:00:28.1609837+03:00:Thread#0:Scheduler: get next test for thread 0
2019-04-10T10:00:28.1609837+03:00:Thread#:Scheduler: dequeuing a rescheduled testitem: #10
2019-04-10T10:00:28.1609837+03:00:Thread#0:Scheduler: considering testitem #10 for thread 0
2019-04-10T10:00:28.1609837+03:00:Thread#0:TestItem#10:testItemMatchesCurrentTestThread:UnSpecific
2019-04-10T10:00:28.1609837+03:00:Thread#0:TestItem#10:runsOnOneOtherThreadSpecific:False
2019-04-10T10:00:28.1609837+03:00:Thread#0:TestItem#10:runsOnOneOtherThreadUnspecific:False
2019-04-10T10:00:28.1609837+03:00:Thread#0:Scheduler: using testitem #10 for thread 0
2019-04-10T10:00:28.1609837+03:00:Thread#0:Scheduler: Test #10 is scheduled for thread
2019-04-10T10:00:28.1609837+03:00:Thread#0:Scheduler: with testItemExecutionIndex 1
2019-04-10T10:00:28.6959365+03:00:Thread#0: Test #10/0 is finished on thread #0 as Failed within 18.2151324 seconds
2019-04-10T10:00:28.6969372+03:00:Thread#0: Test #10/1 is started on thread #0
2019-04-10T10:00:28.6969372+03:00:Thread#0:B:Given The user added a product to basket
2019-04-10T10:00:32.7336849+03:00:Thread#0:T:error: Unexpected error. System.Net.WebException: Unable to connect to the remote server ---> System.Net.Sockets.SocketException: No connection could be made because the target machine actively refused it 127.0.0.1:60852
2019-04-10T10:00:32.7336849+03:00:Thread#0:T:   at System.Net.Sockets.Socket.DoConnect(EndPoint endPointSnapshot, SocketAddress socketAddress)
2019-04-10T10:00:32.7346846+03:00:Thread#0:T:   at System.Net.ServicePoint.ConnectSocketInternal(Boolean connectFailure, Socket s4, Socket s6, Socket& socket, IPAddress& address, ConnectSocketState state, IAsyncResult asyncResult, Exception& exception)
2019-04-10T10:00:32.7346846+03:00:Thread#0:T:   --- End of inner exception stack trace ---
2019-04-10T10:00:32.7346846+03:00:Thread#0:T:   at System.Net.HttpWebRequest.GetRequestStream(TransportContext& context)
2019-04-10T10:00:32.7356836+03:00:Thread#0:T:   at System.Net.HttpWebRequest.GetRequestStream()
2019-04-10T10:00:32.7356836+03:00:Thread#0:T:   at OpenQA.Selenium.Remote.HttpCommandExecutor.MakeHttpRequest(HttpRequestInfo requestInfo)
2019-04-10T10:00:32.7356836+03:00:Thread#0:T:   at OpenQA.Selenium.Remote.HttpCommandExecutor.Execute(Command commandToExecute)
2019-04-10T10:00:32.7356836+03:00:Thread#0:T:   at OpenQA.Selenium.Remote.DriverServiceCommandExecutor.Execute(Command commandToExecute)
2019-04-10T10:00:32.7366833+03:00:Thread#0:T:   at OpenQA.Selenium.Remote.RemoteWebDriver.Execute(String driverCommandToExecute, Dictionary`2 parameters)
2019-04-10T10:00:32.7366833+03:00:Thread#0:B:When The user clicks on see basket button
2019-04-10T10:00:32.7366833+03:00:Thread#0:T:skipped because of previous errors
2019-04-10T10:00:32.7376819+03:00:Thread#0:B:Then The user is redirected to basket page
2019-04-10T10:00:32.7376819+03:00:Thread#0:T:skipped because of previous errors
2019-04-10T10:00:32.7386816+03:00:Thread#0:Scheduler: get next test for thread 0
2019-04-10T10:00:32.7386816+03:00:Thread#:Scheduler: dequeuing a rescheduled testitem: #10
2019-04-10T10:00:32.7386816+03:00:Thread#0:Scheduler: considering testitem #10 for thread 0
2019-04-10T10:00:32.7396809+03:00:Thread#0:TestItem#10:testItemMatchesCurrentTestThread:UnSpecific
2019-04-10T10:00:32.7396809+03:00:Thread#0:TestItem#10:runsOnOneOtherThreadSpecific:False
2019-04-10T10:00:32.7396809+03:00:Thread#0:TestItem#10:runsOnOneOtherThreadUnspecific:False
2019-04-10T10:00:32.7396809+03:00:Thread#0:Scheduler: using testitem #10 for thread 0
2019-04-10T10:00:32.7396809+03:00:Thread#0:Scheduler: Test #10 is scheduled for thread
2019-04-10T10:00:32.7396809+03:00:Thread#0:Scheduler: with testItemExecutionIndex 2
2019-04-10T10:00:34.7469664+03:00:Thread#0:T:A exception with a null response was thrown sending an HTTP request to the remote WebDriver server for URL http://localhost:60852/session//screenshot. The status of the exception was ConnectFailure, and the message was: Unable to connect to the remote server
2019-04-10T10:00:34.7549618+03:00:Thread#0: Test #10/1 is finished on thread #0 as Failed within 6.0580246 seconds
2019-04-10T10:00:34.7549618+03:00:Thread#0: Test #10/2 is started on thread #0
2019-04-10T10:00:34.7569342+03:00:Thread#0:T:warning: The previous ScenarioContext was not disposed.
2019-04-10T10:00:34.7569342+03:00:Thread#0:B:Given The user added a product to basket
2019-04-10T10:00:36.7659450+03:00:Thread#0:T:error: Unexpected error. System.Net.WebException: Unable to connect to the remote server ---> System.Net.Sockets.SocketException: No connection could be made because the target machine actively refused it 127.0.0.1:60852
2019-04-10T10:00:36.7669454+03:00:Thread#0:T:   at System.Net.Sockets.Socket.DoConnect(EndPoint endPointSnapshot, SocketAddress socketAddress)
2019-04-10T10:00:36.7669454+03:00:Thread#0:T:   at System.Net.ServicePoint.ConnectSocketInternal(Boolean connectFailure, Socket s4, Socket s6, Socket& socket, IPAddress& address, ConnectSocketState state, IAsyncResult asyncResult, Exception& exception)
2019-04-10T10:00:36.7669454+03:00:Thread#0:T:   --- End of inner exception stack trace ---
2019-04-10T10:00:36.7679437+03:00:Thread#0:T:   at System.Net.HttpWebRequest.GetRequestStream(TransportContext& context)
2019-04-10T10:00:36.7679437+03:00:Thread#0:T:   at System.Net.HttpWebRequest.GetRequestStream()
2019-04-10T10:00:36.7689433+03:00:Thread#0:T:   at OpenQA.Selenium.Remote.HttpCommandExecutor.MakeHttpRequest(HttpRequestInfo requestInfo)
2019-04-10T10:00:36.7689433+03:00:Thread#0:T:   at OpenQA.Selenium.Remote.HttpCommandExecutor.Execute(Command commandToExecute)
2019-04-10T10:00:36.7689433+03:00:Thread#0:T:   at OpenQA.Selenium.Remote.DriverServiceCommandExecutor.Execute(Command commandToExecute)
2019-04-10T10:00:36.7699423+03:00:Thread#0:T:   at OpenQA.Selenium.Remote.RemoteWebDriver.Execute(String driverCommandToExecute, Dictionary`2 parameters)
2019-04-10T10:00:36.7699423+03:00:Thread#0:B:When The user clicks on see basket button
2019-04-10T10:00:36.7709427+03:00:Thread#0:T:skipped because of previous errors
2019-04-10T10:00:36.7709427+03:00:Thread#0:B:Then The user is redirected to basket page
2019-04-10T10:00:36.7719482+03:00:Thread#0:T:skipped because of previous errors
2019-04-10T10:00:36.7729482+03:00:Thread#0:Scheduler: get next test for thread 0
2019-04-10T10:00:36.7729482+03:00:Thread#:Scheduler: at the end of normal test queue
2019-04-10T10:00:36.7729482+03:00:Thread#0:Scheduler: enumerator for thread is at end
2019-04-10T10:00:36.7729482+03:00:Thread#0:Scheduler: No more tests for thread
2019-04-10T10:00:38.7790305+03:00:Thread#0:T:A exception with a null response was thrown sending an HTTP request to the remote WebDriver server for URL http://localhost:60852/session//screenshot. The status of the exception was ConnectFailure, and the message was: Unable to connect to the remote server
2019-04-10T10:00:38.7890164+03:00:Thread#0: Test #10/2 is finished on thread #0 as Failed within 4.0340546 seconds
2019-04-10T10:00:38.8439858+03:00:Appdomain Disposed
2019-04-10T10:00:38.8479921+03:00:Trying to cancel thread
2019-04-10T10:00:38.8479921+03:00:Thread cancelled
2019-04-10T10:00:38.8679731+03:00:Thread#-1:Scheduler: get next test for thread -1
2019-04-10T10:00:38.8679731+03:00:Thread#:Scheduler: at the end of normal test queue
2019-04-10T10:00:38.8679731+03:00:Thread#-1:Scheduler: enumerator for thread is at end
2019-04-10T10:00:38.8839639+03:00;Thread#13;Info;test run finished
2019-04-10T10:00:38.8839639+03:00;Thread#13;Info;publishing test results
2019-04-10T10:00:38.9329329+03:00;Thread#13;Info;test results published
2019-04-10T10:00:38.9329329+03:00;Thread#13;Info;generating reports
2019-04-10T10:00:39.0288770+03:00;Thread#13;Info;Starting external report generation process
2019-04-10T10:00:40.4264378+03:00;Thread#13;Info;Successfully generated reports.
2019-04-10T10:00:40.4284375+03:00;Thread#13;Info;Successfully generated reports
2019-04-10T10:00:40.4364336+03:00:Total: 1 (test executions: 3)
2019-04-10T10:00:40.4374330+03:00:Succeeded: 0
2019-04-10T10:00:40.4374330+03:00:Ignored: 0
2019-04-10T10:00:40.4384323+03:00:Pending: 0
2019-04-10T10:00:40.4384323+03:00:Skipped: 0
2019-04-10T10:00:40.4384323+03:00:Failed: 1
2019-04-10T10:00:40.4464277+03:00;VSTestExecutionThread;Info;Adding attachments to VSTest
2019-04-10T10:00:40.4464277+03:00;VSTestExecutionThread;Info;adding Test Execution Report 'C:\Users\niga3\source\repos\End-To-End-Testing\TestResults\TestRunReport.html'
========== End of log file ==========
