2019-04-10T10:01:09.3863671+03:00;VSTestExecutionThread;Info;SpecFlow+Runner execution started
2019-04-10T10:01:09.3863671+03:00;VSTestExecutionThread;Info;SpecFlow+Runner 3.0.255 in Framework clr40 in x86 mode execution started
2019-04-10T10:01:09.3863671+03:00;VSTestExecutionThread;Info;TestAdapter Location: C:\Users\niga3\source\repos\End-To-End-Testing\Tests\bin\Debug\TechTalk.SpecRun.VisualStudio.TestAdapter.dll
2019-04-10T10:01:09.5002846+03:00;VSTestExecutionThread;Info;SpecRun: running tests in C:\Users\niga3\source\repos\End-To-End-Testing\Tests\bin\Debug\Tests.dll
2019-04-10T10:01:09.5002846+03:00;VSTestExecutionThread;Info;Output folder configured to "C:\Users\niga3\source\repos\End-To-End-Testing\TestResults" (default)
2019-04-10T10:01:09.5002846+03:00;VSTestExecutionThread;Info;Profile: Tests
2019-04-10T10:01:09.5212748+03:00;VSTestExecutionThread;Info;Log file path: C:\Users\niga3\source\repos\End-To-End-Testing\TestResults\Tests_Tests_2019-04-10T100109.log
2019-04-10T10:01:09.5272712+03:00;VSTestExecutionThread;Info;SpecFlow+Runner Evaluation Mode: Please purchase at http://www.specflow.org/plus to remove test execution delay.
2019-04-10T10:01:09.5442620+03:00;Thread#13;Info;Checking license
2019-04-10T10:01:09.5532544+03:00;Thread#13;Info;Evaluation mode: test execution starts in 5 seconds... (this delay is removed in the registered version)
2019-04-10T10:01:14.5549965+03:00;Thread#13;Info;Evaluation delay finished.
2019-04-10T10:01:14.5779577+03:00;Thread#13;Info;License check completed
2019-04-10T10:01:14.5779577+03:00;Thread#13;Info;starting test run
2019-04-10T10:01:14.5999418+03:00;Thread#13;Info;Discovering target: Default
2019-04-10T10:01:14.5999418+03:00;Thread#13;Info;Discovering tests from assembly: C:\Users\niga3\source\repos\End-To-End-Testing\Tests\bin\Debug\Tests.dll
2019-04-10T10:01:14.9027662+03:00:Appdomain Disposed
2019-04-10T10:01:14.9027662+03:00;Thread#13;Info;Discovered tests from assembly: C:\Users\niga3\source\repos\End-To-End-Testing\Tests\bin\Debug\Tests.dll
2019-04-10T10:01:14.9037666+03:00:Test Suite Dump
2019-04-10T10:01:14.9047649+03:00:#0: Tests/Tests - 
2019-04-10T10:01:14.9047649+03:00:#1: Default - 
2019-04-10T10:01:14.9047649+03:00:#2: Tests - 
2019-04-10T10:01:14.9047649+03:00:#7: PurchaseFlows - 
2019-04-10T10:01:14.9297525+03:00:#10: Clicking on "See basket" takes the user to basket page - TestAssembly:Tests/Feature:PurchaseFlows/Scenario:Clicking+on+%22See+basket%22+takes+the+user+to+basket+page
2019-04-10T10:01:14.9297525+03:00:End: Test Suite Dump
2019-04-10T10:01:14.9477570+03:00:Thread#0:Scheduler: get next test for thread 0
2019-04-10T10:01:14.9487564+03:00:Thread#:Scheduler: testitem #10 from normal test queue 
2019-04-10T10:01:14.9487564+03:00:Thread#0:Scheduler: considering testitem #10 for thread 0
2019-04-10T10:01:14.9527544+03:00:Thread#0:TestItem#10:testItemMatchesCurrentTestThread:UnSpecific
2019-04-10T10:01:14.9527544+03:00:Thread#0:TestItem#10:runsOnOneOtherThreadSpecific:False
2019-04-10T10:01:14.9527544+03:00:Thread#0:TestItem#10:runsOnOneOtherThreadUnspecific:False
2019-04-10T10:01:14.9527544+03:00:Thread#0:Scheduler: using testitem #10 for thread 0
2019-04-10T10:01:14.9537537+03:00:Thread#0:Scheduler: Test #10 is scheduled for thread
2019-04-10T10:01:14.9547534+03:00:Thread#0:Scheduler: with testItemExecutionIndex 0
2019-04-10T10:01:14.9567360+03:00:Thread #0: creating new test thread executor for Tests, Version=1.0.0.0, Culture=neutral, PublicKeyToken=null (target: Default)
2019-04-10T10:01:14.9577343+03:00:Thread #0: Creating test assembly executor for execution model AppDomain
2019-04-10T10:01:14.9587508+03:00:Thread #0: Creating test assembly executor for execution model AppDomain
2019-04-10T10:01:14.9587508+03:00:using TechTalk.SpecRun.Framework.Execution.InProcess.InProcAppDomainTestAssemblyExecutorHost to execute tests
2019-04-10T10:01:15.0027087+03:00:Thread#0: Test #10/0 is started on thread #0
2019-04-10T10:01:15.1026512+03:00:Thread#0:T:-> Loading plugin C:\Users\niga3\source\repos\End-To-End-Testing\Tests\bin\Debug\SpecRun.Runtime.SpecFlowPlugin.dll
2019-04-10T10:01:15.1076482+03:00:Thread#0:T:-> Using default config
2019-04-10T10:01:15.1526223+03:00:Thread#0:B:Given The user added a product to basket
2019-04-10T10:01:23.2552549+03:00:Thread#0:T:done: PurchaseFlowsSteps.GivenTheUserAddedAProductToBasket() (8.0s)
2019-04-10T10:01:23.2592543+03:00:Thread#0:B:When The user clicks on see basket button
2019-04-10T10:01:43.7328447+03:00:Thread#0:T:error: Timed out after 20 seconds
2019-04-10T10:01:43.7348454+03:00:Thread#0:B:Then The user is redirected to basket page
2019-04-10T10:01:43.7358468+03:00:Thread#0:T:skipped because of previous errors
2019-04-10T10:01:43.8387880+03:00:Thread#0:TestItem#10:Scheduler: reschedule tests for testitem #10
2019-04-10T10:01:43.8397832+03:00:Thread#0:Scheduler: get next test for thread 0
2019-04-10T10:01:43.8397832+03:00:Thread#:Scheduler: dequeuing a rescheduled testitem: #10
2019-04-10T10:01:43.8397832+03:00:Thread#0:Scheduler: considering testitem #10 for thread 0
2019-04-10T10:01:43.8397832+03:00:Thread#0:TestItem#10:testItemMatchesCurrentTestThread:UnSpecific
2019-04-10T10:01:43.8407825+03:00:Thread#0:TestItem#10:runsOnOneOtherThreadSpecific:False
2019-04-10T10:01:43.8407825+03:00:Thread#0:TestItem#10:runsOnOneOtherThreadUnspecific:False
2019-04-10T10:01:43.8407825+03:00:Thread#0:Scheduler: using testitem #10 for thread 0
2019-04-10T10:01:43.8407825+03:00:Thread#0:Scheduler: Test #10 is scheduled for thread
2019-04-10T10:01:43.8407825+03:00:Thread#0:Scheduler: with testItemExecutionIndex 1
2019-04-10T10:01:44.3912625+03:00:Thread#0: Test #10/0 is finished on thread #0 as Failed within 29.3875538 seconds
2019-04-10T10:01:44.3922619+03:00:Thread#0: Test #10/1 is started on thread #0
2019-04-10T10:01:44.3922619+03:00:Thread#0:B:Given The user added a product to basket
2019-04-10T10:01:48.4384819+03:00:Thread#0:T:error: Unexpected error. System.Net.WebException: Unable to connect to the remote server ---> System.Net.Sockets.SocketException: No connection could be made because the target machine actively refused it 127.0.0.1:60995
2019-04-10T10:01:48.4384819+03:00:Thread#0:T:   at System.Net.Sockets.Socket.DoConnect(EndPoint endPointSnapshot, SocketAddress socketAddress)
2019-04-10T10:01:48.4394819+03:00:Thread#0:T:   at System.Net.ServicePoint.ConnectSocketInternal(Boolean connectFailure, Socket s4, Socket s6, Socket& socket, IPAddress& address, ConnectSocketState state, IAsyncResult asyncResult, Exception& exception)
2019-04-10T10:01:48.4394819+03:00:Thread#0:T:   --- End of inner exception stack trace ---
2019-04-10T10:01:48.4404813+03:00:Thread#0:T:   at System.Net.HttpWebRequest.GetRequestStream(TransportContext& context)
2019-04-10T10:01:48.4404813+03:00:Thread#0:T:   at System.Net.HttpWebRequest.GetRequestStream()
2019-04-10T10:01:48.4414806+03:00:Thread#0:T:   at OpenQA.Selenium.Remote.HttpCommandExecutor.MakeHttpRequest(HttpRequestInfo requestInfo)
2019-04-10T10:01:48.4414806+03:00:Thread#0:T:   at OpenQA.Selenium.Remote.HttpCommandExecutor.Execute(Command commandToExecute)
2019-04-10T10:01:48.4414806+03:00:Thread#0:T:   at OpenQA.Selenium.Remote.DriverServiceCommandExecutor.Execute(Command commandToExecute)
2019-04-10T10:01:48.4424799+03:00:Thread#0:T:   at OpenQA.Selenium.Remote.RemoteWebDriver.Execute(String driverCommandToExecute, Dictionary`2 parameters)
2019-04-10T10:01:48.4424799+03:00:Thread#0:B:When The user clicks on see basket button
2019-04-10T10:01:48.4434793+03:00:Thread#0:T:skipped because of previous errors
2019-04-10T10:01:48.4434793+03:00:Thread#0:B:Then The user is redirected to basket page
2019-04-10T10:01:48.4444786+03:00:Thread#0:T:skipped because of previous errors
2019-04-10T10:01:48.4464773+03:00:Thread#0:Scheduler: get next test for thread 0
2019-04-10T10:01:48.4464773+03:00:Thread#:Scheduler: dequeuing a rescheduled testitem: #10
2019-04-10T10:01:48.4464773+03:00:Thread#0:Scheduler: considering testitem #10 for thread 0
2019-04-10T10:01:48.4464773+03:00:Thread#0:TestItem#10:testItemMatchesCurrentTestThread:UnSpecific
2019-04-10T10:01:48.4464773+03:00:Thread#0:TestItem#10:runsOnOneOtherThreadSpecific:False
2019-04-10T10:01:48.4464773+03:00:Thread#0:TestItem#10:runsOnOneOtherThreadUnspecific:False
2019-04-10T10:01:48.4464773+03:00:Thread#0:Scheduler: using testitem #10 for thread 0
2019-04-10T10:01:48.4464773+03:00:Thread#0:Scheduler: Test #10 is scheduled for thread
2019-04-10T10:01:48.4464773+03:00:Thread#0:Scheduler: with testItemExecutionIndex 2
2019-04-10T10:01:50.4670501+03:00:Thread#0:T:A exception with a null response was thrown sending an HTTP request to the remote WebDriver server for URL http://localhost:60995/session//screenshot. The status of the exception was ConnectFailure, and the message was: Unable to connect to the remote server
2019-04-10T10:01:50.4750469+03:00:Thread#0: Test #10/1 is finished on thread #0 as Failed within 6.082785 seconds
2019-04-10T10:01:50.4760456+03:00:Thread#0: Test #10/2 is started on thread #0
2019-04-10T10:01:50.4770453+03:00:Thread#0:T:warning: The previous ScenarioContext was not disposed.
2019-04-10T10:01:50.4780460+03:00:Thread#0:B:Given The user added a product to basket
2019-04-10T10:01:52.4875251+03:00:Thread#0:T:error: Unexpected error. System.Net.WebException: Unable to connect to the remote server ---> System.Net.Sockets.SocketException: No connection could be made because the target machine actively refused it 127.0.0.1:60995
2019-04-10T10:01:52.4875251+03:00:Thread#0:T:   at System.Net.Sockets.Socket.DoConnect(EndPoint endPointSnapshot, SocketAddress socketAddress)
2019-04-10T10:01:52.4885259+03:00:Thread#0:T:   at System.Net.ServicePoint.ConnectSocketInternal(Boolean connectFailure, Socket s4, Socket s6, Socket& socket, IPAddress& address, ConnectSocketState state, IAsyncResult asyncResult, Exception& exception)
2019-04-10T10:01:52.4885259+03:00:Thread#0:T:   --- End of inner exception stack trace ---
2019-04-10T10:01:52.4895235+03:00:Thread#0:T:   at System.Net.HttpWebRequest.GetRequestStream(TransportContext& context)
2019-04-10T10:01:52.4895235+03:00:Thread#0:T:   at System.Net.HttpWebRequest.GetRequestStream()
2019-04-10T10:01:52.4895235+03:00:Thread#0:T:   at OpenQA.Selenium.Remote.HttpCommandExecutor.MakeHttpRequest(HttpRequestInfo requestInfo)
2019-04-10T10:01:52.4905256+03:00:Thread#0:T:   at OpenQA.Selenium.Remote.HttpCommandExecutor.Execute(Command commandToExecute)
2019-04-10T10:01:52.4905256+03:00:Thread#0:T:   at OpenQA.Selenium.Remote.DriverServiceCommandExecutor.Execute(Command commandToExecute)
2019-04-10T10:01:52.4905256+03:00:Thread#0:T:   at OpenQA.Selenium.Remote.RemoteWebDriver.Execute(String driverCommandToExecute, Dictionary`2 parameters)
2019-04-10T10:01:52.4915235+03:00:Thread#0:B:When The user clicks on see basket button
2019-04-10T10:01:52.4925506+03:00:Thread#0:T:skipped because of previous errors
2019-04-10T10:01:52.4925506+03:00:Thread#0:B:Then The user is redirected to basket page
2019-04-10T10:01:52.4925506+03:00:Thread#0:T:skipped because of previous errors
2019-04-10T10:01:52.4935225+03:00:Thread#0:Scheduler: get next test for thread 0
2019-04-10T10:01:52.4935225+03:00:Thread#:Scheduler: at the end of normal test queue
2019-04-10T10:01:52.4945308+03:00:Thread#0:Scheduler: enumerator for thread is at end
2019-04-10T10:01:52.4945308+03:00:Thread#0:Scheduler: No more tests for thread
2019-04-10T10:01:54.4995377+03:00:Thread#0:T:A exception with a null response was thrown sending an HTTP request to the remote WebDriver server for URL http://localhost:60995/session//screenshot. The status of the exception was ConnectFailure, and the message was: Unable to connect to the remote server
2019-04-10T10:01:54.5025344+03:00:Thread#0: Test #10/2 is finished on thread #0 as Failed within 4.0264888 seconds
2019-04-10T10:01:54.5155285+03:00:Appdomain Disposed
2019-04-10T10:01:54.5165279+03:00:Trying to cancel thread
2019-04-10T10:01:54.5165279+03:00:Thread cancelled
2019-04-10T10:01:54.5225246+03:00:Thread#-1:Scheduler: get next test for thread -1
2019-04-10T10:01:54.5225246+03:00:Thread#:Scheduler: at the end of normal test queue
2019-04-10T10:01:54.5225246+03:00:Thread#-1:Scheduler: enumerator for thread is at end
2019-04-10T10:01:54.5255226+03:00;Thread#13;Info;test run finished
2019-04-10T10:01:54.5265206+03:00;Thread#13;Info;publishing test results
2019-04-10T10:01:54.5445121+03:00;Thread#13;Info;test results published
2019-04-10T10:01:54.5455104+03:00;Thread#13;Info;generating reports
2019-04-10T10:01:54.6274638+03:00;Thread#13;Info;Starting external report generation process
2019-04-10T10:01:56.0680363+03:00;Thread#13;Info;Successfully generated reports.
2019-04-10T10:01:56.0710367+03:00;Thread#13;Info;Successfully generated reports
2019-04-10T10:01:56.0960222+03:00:Total: 1 (test executions: 3)
2019-04-10T10:01:56.1000179+03:00:Succeeded: 0
2019-04-10T10:01:56.1010158+03:00:Ignored: 0
2019-04-10T10:01:56.1020152+03:00:Pending: 0
2019-04-10T10:01:56.1020152+03:00:Skipped: 0
2019-04-10T10:01:56.1040139+03:00:Failed: 1
2019-04-10T10:01:56.1250014+03:00;VSTestExecutionThread;Info;Adding attachments to VSTest
2019-04-10T10:01:56.1250014+03:00;VSTestExecutionThread;Info;adding Test Execution Report 'C:\Users\niga3\source\repos\End-To-End-Testing\TestResults\TestRunReport.html'
========== End of log file ==========
